# Logfile created on 2014-01-28 14:45:18 +0530 by logger.rb/44203
I, [2014-01-28T14:45:18.836199 #9429]  INFO -- : 0:  rake (10.1.1) from /Users/sunilkumar/.rvm/gems/ruby-2.1.0/specifications/rake-10.1.1.gemspec
I, [2014-01-28T14:45:18.837129 #9429]  INFO -- : 0:  i18n (0.6.9) from /Users/sunilkumar/.rvm/gems/ruby-2.1.0/specifications/i18n-0.6.9.gemspec
I, [2014-01-28T14:45:18.872011 #9429]  INFO -- : 0:  minitest (4.7.5) from /Users/sunilkumar/.rvm/gems/ruby-2.1.0/specifications/minitest-4.7.5.gemspec
I, [2014-01-28T14:45:18.872407 #9429]  INFO -- : 0:  multi_json (1.8.4) from /Users/sunilkumar/.rvm/gems/ruby-2.1.0/specifications/multi_json-1.8.4.gemspec
I, [2014-01-28T14:45:18.872702 #9429]  INFO -- : 0:  atomic (1.1.14) from /Users/sunilkumar/.rvm/gems/ruby-2.1.0/specifications/atomic-1.1.14.gemspec
I, [2014-01-28T14:45:18.873035 #9429]  INFO -- : 0:  thread_safe (0.1.3) from /Users/sunilkumar/.rvm/gems/ruby-2.1.0/specifications/thread_safe-0.1.3.gemspec
I, [2014-01-28T14:45:18.873316 #9429]  INFO -- : 0:  tzinfo (0.3.38) from /Users/sunilkumar/.rvm/gems/ruby-2.1.0/specifications/tzinfo-0.3.38.gemspec
I, [2014-01-28T14:45:18.873610 #9429]  INFO -- : 0:  activesupport (4.0.2) from /Users/sunilkumar/.rvm/gems/ruby-2.1.0/specifications/activesupport-4.0.2.gemspec
I, [2014-01-28T14:45:18.873890 #9429]  INFO -- : 0:  builder (3.1.4) from /Users/sunilkumar/.rvm/gems/ruby-2.1.0/specifications/builder-3.1.4.gemspec
I, [2014-01-28T14:45:18.874169 #9429]  INFO -- : 0:  activemodel (4.0.2) from /Users/sunilkumar/.rvm/gems/ruby-2.1.0/specifications/activemodel-4.0.2.gemspec
I, [2014-01-28T14:45:24.401594 #9429]  INFO -- : 0:  bson (2.2.0) from /Users/sunilkumar/.rvm/gems/ruby-2.1.0/specifications/bson-2.2.0.gemspec
I, [2014-01-28T14:45:27.147077 #9429]  INFO -- : 0:  connection_pool (1.2.0) from /Users/sunilkumar/.rvm/gems/ruby-2.1.0/specifications/connection_pool-1.2.0.gemspec
I, [2014-01-28T14:45:31.239992 #9429]  INFO -- : 0:  mime-types (2.1) from /Users/sunilkumar/.rvm/gems/ruby-2.1.0/specifications/mime-types-2.1.gemspec
I, [2014-01-28T14:45:35.981042 #9429]  INFO -- : 0:  rest-client (1.6.7) from /Users/sunilkumar/.rvm/gems/ruby-2.1.0/specifications/rest-client-1.6.7.gemspec
I, [2014-01-28T14:45:39.673681 #9429]  INFO -- : 0:  docile (1.1.2) from /Users/sunilkumar/.rvm/gems/ruby-2.1.0/specifications/docile-1.1.2.gemspec
I, [2014-01-28T14:45:48.930684 #9429]  INFO -- : 0:  simplecov-html (0.8.0) from /Users/sunilkumar/.rvm/gems/ruby-2.1.0/specifications/simplecov-html-0.8.0.gemspec
I, [2014-01-28T14:45:52.320298 #9429]  INFO -- : 0:  simplecov (0.8.2) from /Users/sunilkumar/.rvm/gems/ruby-2.1.0/specifications/simplecov-0.8.2.gemspec
I, [2014-01-28T14:45:56.057509 #9429]  INFO -- : 0:  tins (0.13.1) from /Users/sunilkumar/.rvm/gems/ruby-2.1.0/specifications/tins-0.13.1.gemspec
I, [2014-01-28T14:46:01.471142 #9429]  INFO -- : 0:  term-ansicolor (1.2.2) from /Users/sunilkumar/.rvm/gems/ruby-2.1.0/specifications/term-ansicolor-1.2.2.gemspec
I, [2014-01-28T14:46:01.471877 #9429]  INFO -- : 0:  thor (0.18.1) from /Users/sunilkumar/.rvm/gems/ruby-2.1.0/specifications/thor-0.18.1.gemspec
I, [2014-01-28T14:46:05.883960 #9429]  INFO -- : 0:  coveralls (0.7.0) from /Users/sunilkumar/.rvm/gems/ruby-2.1.0/specifications/coveralls-0.7.0.gemspec
I, [2014-01-28T14:46:10.454645 #9429]  INFO -- : 0:  delayed_job (4.0.0) from /Users/sunilkumar/.rvm/gems/ruby-2.1.0/specifications/delayed_job-4.0.0.gemspec
I, [2014-01-28T14:46:14.817450 #9429]  INFO -- : 0:  optionable (0.2.0) from /Users/sunilkumar/.rvm/gems/ruby-2.1.0/specifications/optionable-0.2.0.gemspec
I, [2014-01-28T14:46:18.472126 #9429]  INFO -- : 0:  moped (2.0.0.beta5) from /Users/sunilkumar/.rvm/gems/ruby-2.1.0/specifications/moped-2.0.0.beta5.gemspec
I, [2014-01-28T14:46:24.315772 #9429]  INFO -- : 0:  origin (2.1.0) from /Users/sunilkumar/.rvm/gems/ruby-2.1.0/specifications/origin-2.1.0.gemspec
I, [2014-01-28T14:46:25.377934 #9429]  INFO -- : 0:  mongoid (4.0.0.alpha2) from /Users/sunilkumar/.rvm/gems/ruby-2.1.0/bundler/gems/mongoid-01013e8bc55a/mongoid.gemspec
I, [2014-01-28T14:46:25.402708 #9429]  INFO -- : 0:  delayed_job_mongoid (2.0.0) from /Users/sunilkumar/personal/gems/delayed_job_mongoid/delayed_job_mongoid.gemspec
I, [2014-01-28T14:46:25.403138 #9429]  INFO -- : 0:  diff-lcs (1.2.5) from /Users/sunilkumar/.rvm/gems/ruby-2.1.0/specifications/diff-lcs-1.2.5.gemspec
I, [2014-01-28T14:46:25.403480 #9429]  INFO -- : 0:  rspec-core (2.14.7) from /Users/sunilkumar/.rvm/gems/ruby-2.1.0/specifications/rspec-core-2.14.7.gemspec
I, [2014-01-28T14:46:25.403779 #9429]  INFO -- : 0:  rspec-expectations (2.14.4) from /Users/sunilkumar/.rvm/gems/ruby-2.1.0/specifications/rspec-expectations-2.14.4.gemspec
I, [2014-01-28T14:46:25.404085 #9429]  INFO -- : 0:  rspec-mocks (2.14.4) from /Users/sunilkumar/.rvm/gems/ruby-2.1.0/specifications/rspec-mocks-2.14.4.gemspec
I, [2014-01-28T14:46:25.404407 #9429]  INFO -- : 0:  rspec (2.14.1) from /Users/sunilkumar/.rvm/gems/ruby-2.1.0/specifications/rspec-2.14.1.gemspec
I, [2014-01-28T14:46:25.404689 #9429]  INFO -- : 0:  bundler (1.5.0) from /Users/sunilkumar/.rvm/gems/ruby-2.1.0@global/specifications/bundler-1.5.0.gemspec
